<?xml version="1.0" encoding="UTF-8"?>
<?xml-stylesheet type="text/xsl" href="rfc2629.xslt"?>
<rfc category="std"
     consensus="true"
     docName="draft-test-table-00"
     ipr="trust200902"
     sortRefs="true"
     submissionType="IETF"
     symRefs="true"
     tocDepth="3"
     tocInclude="true"
     version="3">
  <front>
    <title abbrev="Test Table RFC">Test Table RFC</title>
<author initials='A.' surname='One' fullname='Author One'><address><email>aone@example.com</email></address>
</author>
  <date/>
  </front>
  <middle>

<section title="Test Table">
<section title="Aligned Tables">
<table>

<thead><tr><th>Header1</th><th align="center">Header2</th><th align="right">Header3</th></tr>
</thead>
<tbody><tr><td>E21</td><td align="center">E22</td><td align="right">E23</td></tr>
</tbody>
<tfoot><tr><td>E31</td><td align="center">E32</td><td align="right">E33</td></tr>
</tfoot>
</table>

<table>

<tbody><tr><td>Header1</td><td align="center">Header2</td><td align="right">Header3</td></tr>
<tr><td>E21</td><td align="center">E22</td><td align="right">E23</td></tr>
<tr><td>E31</td><td align="center">E32</td><td align="right">E33</td></tr>
</tbody>
</table>

</section>

<section title="One Group Tables">
<table>

<tbody><tr><td>E11</td><td>E21</td></tr>
<tr><td>E21</td><td>E22</td></tr>
</tbody>
</table>

<table>

<tbody><tr><td>E11</td><td>E21</td></tr>
<tr><td>E21</td><td>E22</td></tr>
</tbody>
</table>

<table>

<tbody><tr><td>E11</td><td>E21</td></tr>
<tr><td>E21</td><td>E22</td></tr>
</tbody>
</table>

<table>

<tbody><tr><td>E11</td><td>E21</td></tr>
<tr><td>E21</td><td>E22</td></tr>
</tbody>
</table>

</section>

<section title="Two Group Tables">
<table>

<thead><tr><th>E11</th><th>E21</th></tr>
</thead>
<tbody><tr><td>E21</td><td>E22</td></tr>
</tbody>
</table>

<table>

<thead><tr><th>E11</th><th>E21</th></tr>
</thead>
<tbody><tr><td>E21</td><td>E22</td></tr>
</tbody>
</table>

<table>

<thead><tr><th>E11</th><th>E21</th></tr>
</thead>
<tbody><tr><td>E21</td><td>E22</td></tr>
</tbody>
</table>

<table>

<thead><tr><th>E11</th><th>E21</th></tr>
</thead>
<tbody><tr><td>E21</td><td>E22</td></tr>
</tbody>
</table>

</section>

<section title="Three Group Table">
<table>

<thead><tr><th>E11</th><th>E21</th></tr>
</thead>
<tbody><tr><td>E21</td><td>E22</td></tr>
</tbody>
<tfoot><tr><td>E31</td><td>E32</td></tr>
</tfoot>
</table>

<table>

<thead><tr><th>E11</th><th>E21</th></tr>
</thead>
<tbody><tr><td>E21</td><td>E22</td></tr>
</tbody>
<tfoot><tr><td>E31</td><td>E32</td></tr>
</tfoot>
</table>

<table>

<thead><tr><th>E11</th><th>E21</th></tr>
</thead>
<tbody><tr><td>E21</td><td>E22</td></tr>
</tbody>
<tfoot><tr><td>E31</td><td>E32</td></tr>
</tfoot>
</table>

<table>

<thead><tr><th>E11</th><th>E21</th></tr>
</thead>
<tbody><tr><td>E21</td><td>E22</td></tr>
</tbody>
<tfoot><tr><td>E31</td><td>E32</td></tr>
</tfoot>
</table>

</section>

<section title="Captioned Table">
<table>
<name>A Table Caption</name>
<thead><tr><th>Column One</th><th>Column Two</th></tr>
</thead>
<tbody><tr><td>R1C1 Value</td><td>R1C2 Value</td></tr>
<tr><td>R2C1 Value</td><td>R2C2 Value</td></tr>
</tbody>
</table>

</section>

</section>
</middle><back>  </back>
</rfc>
